TN:
SF:./src/client/app/app.module.js
FN:1,(anonymous_1)
FNF:1
FNH:1
FNDA:1,(anonymous_1)
DA:1,1
DA:4,1
LF:2
LH:2
BRF:0
BRH:0
end_of_record
TN:
SF:./src/client/app/blocks/router/router.module.js
FN:1,(anonymous_1)
FNF:1
FNH:1
FNDA:1,(anonymous_1)
DA:1,1
DA:4,1
LF:2
LH:2
BRF:0
BRH:0
end_of_record
TN:
SF:./src/client/app/configuration/configuration.module.js
FN:1,(anonymous_1)
FNF:1
FNH:1
FNDA:1,(anonymous_1)
DA:1,1
DA:4,1
LF:2
LH:2
BRF:0
BRH:0
end_of_record
TN:
SF:./src/client/app/core/core.module.js
FN:1,(anonymous_1)
FNF:1
FNH:1
FNDA:1,(anonymous_1)
DA:1,1
DA:4,1
LF:2
LH:2
BRF:0
BRH:0
end_of_record
TN:
SF:./src/client/app/files/files.module.js
FN:1,(anonymous_1)
FNF:1
FNH:1
FNDA:1,(anonymous_1)
DA:1,1
DA:4,1
LF:2
LH:2
BRF:0
BRH:0
end_of_record
TN:
SF:./src/client/app/layout/layout.module.js
FN:1,(anonymous_1)
FNF:1
FNH:1
FNDA:1,(anonymous_1)
DA:1,1
DA:4,1
LF:2
LH:2
BRF:0
BRH:0
end_of_record
TN:
SF:./src/client/app/blocks/router/router-helper.provider.js
FN:2,(anonymous_1)
FN:10,routerHelperProvider
FN:19,(anonymous_3)
FN:26,RouterHelper
FN:46,configureStates
FN:47,(anonymous_6)
FN:58,handleRoutingErrors
FN:63,(anonymous_8)
FN:81,init
FN:86,getStates
FN:90,updateDocTitle
FN:92,(anonymous_12)
FNF:12
FNH:9
FNDA:1,(anonymous_1)
FNDA:1,routerHelperProvider
FNDA:1,(anonymous_3)
FNDA:1,RouterHelper
FNDA:2,configureStates
FNDA:2,(anonymous_6)
FNDA:1,handleRoutingErrors
FNDA:0,(anonymous_8)
FNDA:1,init
FNDA:0,getStates
FNDA:1,updateDocTitle
FNDA:0,(anonymous_12)
DA:2,1
DA:5,1
DA:10,1
DA:12,1
DA:17,1
DA:19,1
DA:20,1
DA:23,1
DA:24,1
DA:26,1
DA:27,1
DA:28,1
DA:29,1
DA:34,1
DA:40,1
DA:42,1
DA:46,1
DA:47,2
DA:48,2
DA:50,2
DA:52,2
DA:53,1
DA:54,1
DA:58,1
DA:62,1
DA:64,0
DA:65,0
DA:67,0
DA:68,0
DA:69,0
DA:72,0
DA:75,0
DA:76,0
DA:81,1
DA:82,1
DA:83,1
DA:86,1
DA:87,0
DA:90,1
DA:91,1
DA:93,0
DA:94,0
DA:95,0
DA:96,0
LF:44
LH:31
BRDA:49,1,0,2
BRDA:49,1,1,2
BRDA:52,2,0,1
BRDA:52,2,1,1
BRDA:52,3,0,2
BRDA:52,3,1,1
BRDA:64,4,0,0
BRDA:64,4,1,0
BRDA:69,5,0,0
BRDA:69,5,1,0
BRDA:69,5,2,0
BRDA:69,5,3,0
BRDA:69,5,4,0
BRDA:73,6,0,0
BRDA:73,6,1,0
BRDA:73,7,0,0
BRDA:73,7,1,0
BRDA:74,8,0,0
BRDA:74,8,1,0
BRDA:95,9,0,0
BRDA:95,9,1,0
BRF:21
BRH:6
end_of_record
TN:
SF:./src/client/app/configuration/auth.box.directive.js
FN:1,(anonymous_1)
FN:9,authBox
FN:22,(anonymous_3)
FN:23,(anonymous_4)
FN:25,(anonymous_5)
FN:28,(anonymous_6)
FNF:6
FNH:1
FNDA:1,(anonymous_1)
FNDA:0,authBox
FNDA:0,(anonymous_3)
FNDA:0,(anonymous_4)
FNDA:0,(anonymous_5)
FNDA:0,(anonymous_6)
DA:1,1
DA:4,1
DA:9,1
DA:10,0
DA:23,0
DA:24,0
DA:26,0
DA:27,0
DA:30,0
LF:9
LH:3
BRF:0
BRH:0
end_of_record
TN:
SF:./src/client/app/configuration/auth.service.js
FN:1,(anonymous_1)
FN:9,AuthService
FN:18,login
FN:24,(anonymous_4)
FN:30,(anonymous_5)
FNF:5
FNH:1
FNDA:1,(anonymous_1)
FNDA:0,AuthService
FNDA:0,login
FNDA:0,(anonymous_4)
FNDA:0,(anonymous_5)
DA:1,1
DA:4,1
DA:9,1
DA:11,0
DA:12,0
DA:14,0
DA:18,1
DA:20,0
DA:21,0
DA:23,0
DA:25,0
DA:26,0
DA:28,0
DA:31,0
DA:33,0
LF:15
LH:4
BRDA:25,1,0,0
BRDA:25,1,1,0
BRF:2
BRH:0
end_of_record
TN:
SF:./src/client/app/configuration/configuration.controller.js
FN:1,(anonymous_1)
FN:9,ConfigurationController
FN:16,init
FN:20,loadConfig
FN:22,(anonymous_5)
FNF:5
FNH:1
FNDA:1,(anonymous_1)
FNDA:0,ConfigurationController
FNDA:0,init
FNDA:0,loadConfig
FNDA:0,(anonymous_5)
DA:1,1
DA:4,1
DA:9,1
DA:11,0
DA:12,0
DA:14,0
DA:16,1
DA:17,0
DA:20,1
DA:21,0
DA:23,0
LF:11
LH:5
BRF:0
BRH:0
end_of_record
TN:
SF:./src/client/app/configuration/configuration.route.js
FN:1,(anonymous_1)
FN:9,appRun
FN:13,getStates
FNF:3
FNH:1
FNDA:1,(anonymous_1)
FNDA:0,appRun
FNDA:0,getStates
DA:1,1
DA:4,1
DA:9,1
DA:10,0
DA:13,1
DA:14,0
LF:6
LH:4
BRF:0
BRH:0
end_of_record
TN:
SF:./src/client/app/configuration/configuration.service.js
FN:1,(anonymous_1)
FN:9,ConfigurationService
FN:18,get
FN:21,(anonymous_4)
FNF:4
FNH:1
FNDA:1,(anonymous_1)
FNDA:0,ConfigurationService
FNDA:0,get
FNDA:0,(anonymous_4)
DA:1,1
DA:4,1
DA:9,1
DA:11,0
DA:12,0
DA:14,0
DA:18,1
DA:20,0
DA:22,0
LF:9
LH:4
BRF:0
BRH:0
end_of_record
TN:
SF:./src/client/app/configuration/login.service.js
FNF:0
FNH:0
LF:0
LH:0
BRF:0
BRH:0
end_of_record
TN:
SF:./src/client/app/core/config.js
FN:1,(anonymous_1)
FN:10,toastrConfig
FN:26,configure
FNF:3
FNH:3
FNDA:1,(anonymous_1)
FNDA:1,toastrConfig
FNDA:1,configure
DA:1,1
DA:4,1
DA:6,1
DA:8,1
DA:10,1
DA:11,1
DA:12,1
DA:15,1
DA:20,1
DA:22,1
DA:24,1
DA:26,1
DA:27,1
DA:28,1
DA:30,1
LF:15
LH:15
BRDA:27,1,0,1
BRDA:27,1,1,0
BRF:2
BRH:1
end_of_record
TN:
SF:./src/client/app/core/constants.js
FN:2,(anonymous_1)
FNF:1
FNH:1
FNDA:1,(anonymous_1)
DA:2,1
DA:5,1
LF:2
LH:2
BRF:0
BRH:0
end_of_record
TN:
SF:./src/client/app/core/core.route.js
FN:1,(anonymous_1)
FN:9,appRun
FN:14,getStates
FNF:3
FNH:3
FNDA:1,(anonymous_1)
FNDA:1,appRun
FNDA:1,getStates
DA:1,1
DA:4,1
DA:9,1
DA:10,1
DA:11,1
DA:14,1
DA:15,1
LF:7
LH:7
BRF:0
BRH:0
end_of_record
TN:
SF:./src/client/app/files/files.controller.js
FN:1,(anonymous_1)
FN:9,FilesController
FN:15,init
FN:21,find
FN:24,(anonymous_5)
FN:29,(anonymous_6)
FN:34,save
FNF:7
FNH:1
FNDA:1,(anonymous_1)
FNDA:0,FilesController
FNDA:0,init
FNDA:0,find
FNDA:0,(anonymous_5)
FNDA:0,(anonymous_6)
FNDA:0,save
DA:1,1
DA:4,1
DA:9,1
DA:10,0
DA:11,0
DA:13,0
DA:15,1
DA:16,0
DA:17,0
DA:18,0
DA:21,1
DA:22,0
DA:25,0
DA:26,0
DA:30,0
DA:34,1
DA:35,0
LF:17
LH:6
BRF:0
BRH:0
end_of_record
TN:
SF:./src/client/app/files/files.route.js
FN:1,(anonymous_1)
FN:9,appRun
FN:13,getStates
FNF:3
FNH:3
FNDA:1,(anonymous_1)
FNDA:1,appRun
FNDA:1,getStates
DA:1,1
DA:4,1
DA:9,1
DA:10,1
DA:13,1
DA:14,1
LF:6
LH:6
BRF:0
BRH:0
end_of_record
TN:
SF:./src/client/app/files/files.service.js
FN:1,(anonymous_1)
FN:9,FilesService
FN:21,find
FN:29,(anonymous_4)
FN:34,save
FN:41,discard
FN:48,reset
FNF:7
FNH:3
FNDA:1,(anonymous_1)
FNDA:1,FilesService
FNDA:1,find
FNDA:0,(anonymous_4)
FNDA:0,save
FNDA:0,discard
FNDA:0,reset
DA:1,1
DA:4,1
DA:9,1
DA:11,1
DA:12,1
DA:14,1
DA:21,1
DA:23,1
DA:24,1
DA:25,0
DA:28,1
DA:30,0
DA:34,1
DA:35,0
DA:36,0
DA:41,1
DA:42,0
DA:43,0
DA:48,1
DA:49,0
DA:50,0
LF:21
LH:13
BRDA:24,1,0,0
BRDA:24,1,1,1
BRF:2
BRH:1
end_of_record
TN:
SF:./src/client/app/files/filesize.filter.js
FN:1,(anonymous_1)
FN:9,fileSizeFilter
FN:12,(anonymous_3)
FN:20,divide
FNF:4
FNH:1
FNDA:1,(anonymous_1)
FNDA:0,fileSizeFilter
FNDA:0,(anonymous_3)
FNDA:0,divide
DA:1,1
DA:4,1
DA:9,1
DA:11,0
DA:12,0
DA:14,0
DA:15,0
DA:20,1
DA:21,0
DA:22,0
DA:24,0
LF:11
LH:4
BRDA:14,1,0,0
BRDA:14,1,1,0
BRDA:21,2,0,0
BRDA:21,2,1,0
BRF:4
BRH:0
end_of_record
TN:
SF:./src/client/app/layout/sidebar.controller.js
FN:1,(anonymous_1)
FN:9,SidebarController
FN:16,activate
FN:18,getNavRoutes
FN:19,(anonymous_5)
FN:21,(anonymous_6)
FN:26,isCurrent
FNF:7
FNH:1
FNDA:1,(anonymous_1)
FNDA:0,SidebarController
FNDA:0,activate
FNDA:0,getNavRoutes
FNDA:0,(anonymous_5)
FNDA:0,(anonymous_6)
FNDA:0,isCurrent
DA:1,1
DA:4,1
DA:9,1
DA:10,0
DA:11,0
DA:12,0
DA:14,0
DA:16,1
DA:18,1
DA:19,0
DA:20,0
DA:22,0
DA:26,1
DA:27,0
DA:28,0
DA:30,0
DA:31,0
LF:17
LH:6
BRDA:20,1,0,0
BRDA:20,1,1,0
BRDA:27,2,0,0
BRDA:27,2,1,0
BRDA:27,3,0,0
BRDA:27,3,1,0
BRDA:27,3,2,0
BRDA:31,4,0,0
BRDA:31,4,1,0
BRF:9
BRH:0
end_of_record
