TN:
SF:./src/client/app/app.module.js
FN:1,(anonymous_1)
FNF:1
FNH:1
FNDA:1,(anonymous_1)
DA:1,1
DA:4,1
LF:2
LH:2
BRF:0
BRH:0
end_of_record
TN:
SF:./src/client/app/blocks/router/router.module.js
FN:1,(anonymous_1)
FNF:1
FNH:1
FNDA:1,(anonymous_1)
DA:1,1
DA:4,1
LF:2
LH:2
BRF:0
BRH:0
end_of_record
TN:
SF:./src/client/app/configuration/configuration.module.js
FN:1,(anonymous_1)
FNF:1
FNH:1
FNDA:1,(anonymous_1)
DA:1,1
DA:4,1
LF:2
LH:2
BRF:0
BRH:0
end_of_record
TN:
SF:./src/client/app/core/core.module.js
FN:1,(anonymous_1)
FNF:1
FNH:1
FNDA:1,(anonymous_1)
DA:1,1
DA:4,1
LF:2
LH:2
BRF:0
BRH:0
end_of_record
TN:
SF:./src/client/app/files/files.module.js
FN:1,(anonymous_1)
FNF:1
FNH:1
FNDA:1,(anonymous_1)
DA:1,1
DA:4,1
LF:2
LH:2
BRF:0
BRH:0
end_of_record
TN:
SF:./src/client/app/layout/layout.module.js
FN:1,(anonymous_1)
FNF:1
FNH:1
FNDA:1,(anonymous_1)
DA:1,1
DA:4,1
LF:2
LH:2
BRF:0
BRH:0
end_of_record
TN:
SF:./src/client/app/blocks/router/router-helper.provider.js
FN:2,(anonymous_1)
FN:11,routerHelperProvider
FN:20,(anonymous_3)
FN:27,RouterHelper
FN:47,configureStates
FN:48,(anonymous_6)
FN:59,handleRoutingErrors
FN:64,(anonymous_8)
FN:82,init
FN:87,getStates
FN:91,updateDocTitle
FN:93,(anonymous_12)
FNF:12
FNH:9
FNDA:1,(anonymous_1)
FNDA:1,routerHelperProvider
FNDA:1,(anonymous_3)
FNDA:1,RouterHelper
FNDA:2,configureStates
FNDA:2,(anonymous_6)
FNDA:1,handleRoutingErrors
FNDA:0,(anonymous_8)
FNDA:1,init
FNDA:0,getStates
FNDA:1,updateDocTitle
FNDA:0,(anonymous_12)
DA:2,1
DA:5,1
DA:9,1
DA:11,1
DA:13,1
DA:18,1
DA:20,1
DA:21,1
DA:24,1
DA:25,1
DA:27,1
DA:28,1
DA:29,1
DA:30,1
DA:35,1
DA:41,1
DA:43,1
DA:47,1
DA:48,2
DA:49,2
DA:51,2
DA:53,2
DA:54,1
DA:55,1
DA:59,1
DA:63,1
DA:65,0
DA:66,0
DA:68,0
DA:69,0
DA:70,0
DA:73,0
DA:76,0
DA:77,0
DA:82,1
DA:83,1
DA:84,1
DA:87,1
DA:88,0
DA:91,1
DA:92,1
DA:94,0
DA:95,0
DA:96,0
DA:97,0
LF:45
LH:32
BRDA:50,1,0,2
BRDA:50,1,1,2
BRDA:53,2,0,1
BRDA:53,2,1,1
BRDA:53,3,0,2
BRDA:53,3,1,1
BRDA:65,4,0,0
BRDA:65,4,1,0
BRDA:70,5,0,0
BRDA:70,5,1,0
BRDA:70,5,2,0
BRDA:70,5,3,0
BRDA:70,5,4,0
BRDA:74,6,0,0
BRDA:74,6,1,0
BRDA:74,7,0,0
BRDA:74,7,1,0
BRDA:75,8,0,0
BRDA:75,8,1,0
BRDA:96,9,0,0
BRDA:96,9,1,0
BRF:21
BRH:6
end_of_record
TN:
SF:./src/client/app/configuration/configuration.controller.js
FN:1,(anonymous_1)
FN:10,ConfigurationController
FN:15,init
FNF:3
FNH:1
FNDA:1,(anonymous_1)
FNDA:0,ConfigurationController
FNDA:0,init
DA:1,1
DA:4,1
DA:8,1
DA:10,1
DA:11,0
DA:13,0
DA:15,1
DA:16,0
LF:8
LH:5
BRF:0
BRH:0
end_of_record
TN:
SF:./src/client/app/configuration/configuration.route.js
FN:1,(anonymous_1)
FN:10,appRun
FN:14,getStates
FNF:3
FNH:1
FNDA:1,(anonymous_1)
FNDA:0,appRun
FNDA:0,getStates
DA:1,1
DA:4,1
DA:8,1
DA:10,1
DA:14,1
DA:15,0
LF:6
LH:5
BRF:0
BRH:0
end_of_record
TN:
SF:./src/client/app/core/config.js
FN:1,(anonymous_1)
FN:10,toastrConfig
FN:26,configure
FNF:3
FNH:3
FNDA:1,(anonymous_1)
FNDA:1,toastrConfig
FNDA:1,configure
DA:1,1
DA:4,1
DA:6,1
DA:8,1
DA:10,1
DA:11,1
DA:12,1
DA:15,1
DA:20,1
DA:22,1
DA:24,1
DA:26,1
DA:27,1
DA:28,1
DA:30,1
LF:15
LH:15
BRDA:27,1,0,1
BRDA:27,1,1,0
BRF:2
BRH:1
end_of_record
TN:
SF:./src/client/app/core/constants.js
FN:2,(anonymous_1)
FNF:1
FNH:1
FNDA:1,(anonymous_1)
DA:2,1
DA:5,1
LF:2
LH:2
BRF:0
BRH:0
end_of_record
TN:
SF:./src/client/app/core/core.route.js
FN:1,(anonymous_1)
FN:9,appRun
FN:14,getStates
FNF:3
FNH:3
FNDA:1,(anonymous_1)
FNDA:1,appRun
FNDA:1,getStates
DA:1,1
DA:4,1
DA:9,1
DA:10,1
DA:11,1
DA:14,1
DA:15,1
LF:7
LH:7
BRF:0
BRH:0
end_of_record
TN:
SF:./src/client/app/files/files.controller.js
FN:1,(anonymous_1)
FN:10,FilesController
FN:19,init
FN:24,find
FN:26,(anonymous_5)
FN:31,(anonymous_6)
FN:36,save
FN:41,discard
FN:46,reset
FNF:9
FNH:1
FNDA:1,(anonymous_1)
FNDA:0,FilesController
FNDA:0,init
FNDA:0,find
FNDA:0,(anonymous_5)
FNDA:0,(anonymous_6)
FNDA:0,save
FNDA:0,discard
FNDA:0,reset
DA:1,1
DA:4,1
DA:8,1
DA:10,1
DA:11,0
DA:12,0
DA:13,0
DA:14,0
DA:15,0
DA:17,0
DA:19,1
DA:20,0
DA:21,0
DA:24,1
DA:25,0
DA:27,0
DA:28,0
DA:32,0
DA:36,1
DA:37,0
DA:41,1
DA:42,0
DA:46,1
DA:47,0
LF:24
LH:9
BRF:0
BRH:0
end_of_record
TN:
SF:./src/client/app/files/files.route.js
FN:1,(anonymous_1)
FN:10,appRun
FN:14,getStates
FNF:3
FNH:3
FNDA:1,(anonymous_1)
FNDA:1,appRun
FNDA:1,getStates
DA:1,1
DA:4,1
DA:8,1
DA:10,1
DA:11,1
DA:14,1
DA:15,1
LF:7
LH:7
BRF:0
BRH:0
end_of_record
TN:
SF:./src/client/app/files/files.service.js
FN:1,(anonymous_1)
FN:10,FilesService
FN:22,find
FN:30,(anonymous_4)
FN:35,save
FN:42,discard
FN:49,reset
FNF:7
FNH:3
FNDA:1,(anonymous_1)
FNDA:1,FilesService
FNDA:1,find
FNDA:0,(anonymous_4)
FNDA:0,save
FNDA:0,discard
FNDA:0,reset
DA:1,1
DA:4,1
DA:8,1
DA:10,1
DA:12,1
DA:13,1
DA:15,1
DA:22,1
DA:24,1
DA:25,1
DA:26,0
DA:29,1
DA:31,0
DA:35,1
DA:36,0
DA:37,0
DA:42,1
DA:43,0
DA:44,0
DA:49,1
DA:50,0
DA:51,0
LF:22
LH:14
BRDA:25,1,0,0
BRDA:25,1,1,1
BRF:2
BRH:1
end_of_record
TN:
SF:./src/client/app/files/filesize.filter.js
FN:1,(anonymous_1)
FN:10,fileSizeFilter
FN:13,(anonymous_3)
FN:21,divide
FNF:4
FNH:1
FNDA:1,(anonymous_1)
FNDA:0,fileSizeFilter
FNDA:0,(anonymous_3)
FNDA:0,divide
DA:1,1
DA:4,1
DA:8,1
DA:10,1
DA:12,0
DA:13,0
DA:15,0
DA:16,0
DA:21,1
DA:22,0
DA:23,0
DA:25,0
LF:12
LH:5
BRDA:15,1,0,0
BRDA:15,1,1,0
BRDA:22,2,0,0
BRDA:22,2,1,0
BRF:4
BRH:0
end_of_record
TN:
SF:./src/client/app/layout/sidebar.controller.js
FN:1,(anonymous_1)
FN:10,SidebarController
FN:17,activate
FN:19,getNavRoutes
FN:20,(anonymous_5)
FN:22,(anonymous_6)
FN:27,isCurrent
FNF:7
FNH:1
FNDA:1,(anonymous_1)
FNDA:0,SidebarController
FNDA:0,activate
FNDA:0,getNavRoutes
FNDA:0,(anonymous_5)
FNDA:0,(anonymous_6)
FNDA:0,isCurrent
DA:1,1
DA:4,1
DA:8,1
DA:10,1
DA:11,0
DA:12,0
DA:13,0
DA:15,0
DA:17,1
DA:19,1
DA:20,0
DA:21,0
DA:23,0
DA:27,1
DA:28,0
DA:29,0
DA:31,0
DA:32,0
LF:18
LH:7
BRDA:21,1,0,0
BRDA:21,1,1,0
BRDA:28,2,0,0
BRDA:28,2,1,0
BRDA:28,3,0,0
BRDA:28,3,1,0
BRDA:28,3,2,0
BRDA:32,4,0,0
BRDA:32,4,1,0
BRF:9
BRH:0
end_of_record
